G0=0.1 done
G0=0.2 done
G0=0.4 done
G0=0.8 done
G0=1.6 done
G0=3.2 done
G0=6.4 done

  G0     metric    point         cell 95% CI        block 95% CI
 0.1         R2   0.9775   [ 0.9774, 0.9776]   [ 0.9755, 0.9796]
 0.1       RMSE   0.4714   [ 0.4703, 0.4727]   [ 0.4531, 0.4874]
 0.1 mass_ratio   1.0095   [ 1.0023, 1.0161]   [ 0.9900, 1.0306]
 0.2         R2   0.9884   [ 0.9884, 0.9885]   [ 0.9875, 0.9893]
 0.2       RMSE   0.3716   [ 0.3706, 0.3727]   [ 0.3591, 0.3842]
 0.2 mass_ratio   0.9855   [ 0.9549, 1.0149]   [ 0.9324, 1.0333]
 0.4         R2   0.9900   [ 0.9899, 0.9900]   [ 0.9893, 0.9907]
 0.4       RMSE   0.3239   [ 0.3229, 0.3251]   [ 0.3117, 0.3352]
 0.4 mass_ratio   1.0240   [ 1.0211, 1.0269]   [ 1.0120, 1.0368]
 0.8         R2   0.9866   [ 0.9865, 0.9867]   [ 0.9855, 0.9878]
 0.8       RMSE   0.3034   [ 0.3029, 0.3042]   [ 0.2955, 0.3105]
 0.8 mass_ratio   1.0618   [ 1.0564, 1.0669]   [ 1.0448, 1.0773]
 1.6         R2   0.9945   [ 0.9944, 0.9946]   [ 0.9941, 0.9949]
 1.6       RMSE   0.1466   [ 0.1460, 0.1473]   [ 0.1397, 0.1532]
 1.6 mass_ratio   1.0898   [ 1.0773, 1.1023]   [ 1.0484, 1.1391]
 3.2         R2   0.9962   [ 0.9961, 0.9963]   [ 0.9958, 0.9966]
 3.2       RMSE   0.0888   [ 0.0882, 0.0895]   [ 0.0839, 0.0942]
 3.2 mass_ratio   1.0037   [ 0.9324, 1.0569]   [ 0.9690, 1.0578]
 6.4         R2   0.9976   [ 0.9976, 0.9977]   [ 0.9974, 0.9979]
 6.4       RMSE   0.0435   [ 0.0430, 0.0439]   [ 0.0392, 0.0488]
 6.4 mass_ratio   1.0134   [ 0.9366, 1.0961]   [ 0.9400, 1.0323]

Saved -> results/a2_bootstrap_cis_20260705_191624.json
