Loading cubes...
  G0=0.1   | rows=2,097,152 | nH2=[9.58e-12, 2.33e+03] | fh2=[8.46e-25, 4.94e-01]
  G0=0.2   | rows=2,097,152 | nH2=[7.41e-13, 9.74e+03] | fh2=[2.26e-30, 4.75e-01]
  G0=0.4   | rows=2,097,152 | nH2=[3.08e-12, 2.28e+03] | fh2=[3.14e-24, 5.07e-01]
  G0=0.8   | rows=2,097,152 | nH2=[3.38e-12, 2.49e+03] | fh2=[9.28e-26, 5.07e-01]
  G0=1.6   | rows=2,097,152 | nH2=[3.83e-12, 2.26e+03] | fh2=[2.64e-24, 5.04e-01]
  G0=3.2   | rows=2,097,152 | nH2=[2.29e-12, 1.29e+04] | fh2=[1.20e-30, 5.05e-01]
  G0=6.4   | rows=2,097,152 | nH2=[4.75e-12, 9.24e+03] | fh2=[2.72e-30, 5.00e-01]

============================================================
Cube G0=0.1  (2,097,152 cells)
============================================================
  G0=0.1  split=x_half    n_train=1,032,192  n_test=1,064,960
    ep   1/100  train-R2=-0.9354
    ep  26/100  train-R2=0.9762
    ep  51/100  train-R2=0.9899
    ep  76/100  train-R2=0.9917
    ep 100/100  train-R2=0.9922
  -> xgb_test=0.9108  mlp_test=-6.7444  stacked_test=0.8438
  G0=0.1  split=y_half    n_train=1,032,192  n_test=1,064,960
    ep   1/100  train-R2=-0.9729
    ep  26/100  train-R2=0.9815
    ep  51/100  train-R2=0.9898
    ep  76/100  train-R2=0.9919
    ep 100/100  train-R2=0.9924
  -> xgb_test=0.9280  mlp_test=-6.9106  stacked_test=0.7409
  G0=0.1  split=z_half    n_train=1,032,192  n_test=1,064,960
    ep   1/100  train-R2=-1.0747
    ep  26/100  train-R2=0.9826
    ep  51/100  train-R2=0.9911
    ep  76/100  train-R2=0.9930
    ep 100/100  train-R2=0.9935
  -> xgb_test=0.8834  mlp_test=-7.3646  stacked_test=0.4190
  G0=0.1  split=rand_1    n_train=20,971  n_test=2,076,181
C:\Users\danib\Documents\AI-final-project\model_helpers.py:345: UserWarning: Detected call of `lr_scheduler.step()` before `optimizer.step()`. In PyTorch 1.1.0 and later, you should call them in the opposite order: `optimizer.step()` before `lr_scheduler.step()`.  Failure to do this will result in PyTorch skipping the first value of the learning rate schedule. See more details at https://pytorch.org/docs/stable/optim.html#how-to-adjust-learning-rate
  sched.step()
    ep   1/100  train-R2=-0.9411
    ep  26/100  train-R2=0.7051
    ep  51/100  train-R2=0.8989
    ep  76/100  train-R2=0.9211
    ep 100/100  train-R2=0.9289
  -> xgb_test=0.9406  mlp_test=0.8154  stacked_test=0.9397
  G0=0.1  split=rand_5    n_train=104,857  n_test=1,992,295
C:\Users\danib\Documents\AI-final-project\model_helpers.py:345: UserWarning: Detected call of `lr_scheduler.step()` before `optimizer.step()`. In PyTorch 1.1.0 and later, you should call them in the opposite order: `optimizer.step()` before `lr_scheduler.step()`.  Failure to do this will result in PyTorch skipping the first value of the learning rate schedule. See more details at https://pytorch.org/docs/stable/optim.html#how-to-adjust-learning-rate
  sched.step()
    ep   1/100  train-R2=-0.9434
    ep  26/100  train-R2=0.7105
    ep  51/100  train-R2=0.9060
    ep  76/100  train-R2=0.9293
    ep 100/100  train-R2=0.9372
  -> xgb_test=0.9792  mlp_test=0.9335  stacked_test=0.9781
  G0=0.1  split=rand_10   n_train=209,715  n_test=1,887,437
C:\Users\danib\Documents\AI-final-project\model_helpers.py:345: UserWarning: Detected call of `lr_scheduler.step()` before `optimizer.step()`. In PyTorch 1.1.0 and later, you should call them in the opposite order: `optimizer.step()` before `lr_scheduler.step()`.  Failure to do this will result in PyTorch skipping the first value of the learning rate schedule. See more details at https://pytorch.org/docs/stable/optim.html#how-to-adjust-learning-rate
  sched.step()
    ep   1/100  train-R2=-0.9507
    ep  26/100  train-R2=0.7438
    ep  51/100  train-R2=0.9054
    ep  76/100  train-R2=0.9302
    ep 100/100  train-R2=0.9372
  -> xgb_test=0.9853  mlp_test=0.9360  stacked_test=0.9850
  G0=0.1  split=rand_25   n_train=524,288  n_test=1,572,864
C:\Users\danib\Documents\AI-final-project\model_helpers.py:345: UserWarning: Detected call of `lr_scheduler.step()` before `optimizer.step()`. In PyTorch 1.1.0 and later, you should call them in the opposite order: `optimizer.step()` before `lr_scheduler.step()`.  Failure to do this will result in PyTorch skipping the first value of the learning rate schedule. See more details at https://pytorch.org/docs/stable/optim.html#how-to-adjust-learning-rate
  sched.step()
    ep   1/100  train-R2=-0.9498
    ep  26/100  train-R2=0.9226
    ep  51/100  train-R2=0.9739
    ep  76/100  train-R2=0.9827
    ep 100/100  train-R2=0.9835
  -> xgb_test=0.9890  mlp_test=0.9832  stacked_test=0.9889
  G0=0.1  split=rand_50   n_train=1,048,576  n_test=1,048,576
    ep   1/100  train-R2=-0.9337
    ep  26/100  train-R2=0.9816
    ep  51/100  train-R2=0.9878
    ep  76/100  train-R2=0.9891
    ep 100/100  train-R2=0.9894
  -> xgb_test=0.9904  mlp_test=0.9891  stacked_test=0.9907
  G0=0.1  split=rand_75   n_train=1,572,864  n_test=524,288
    ep   1/100  train-R2=-0.7824
    ep  26/100  train-R2=0.9853
    ep  51/100  train-R2=0.9897
    ep  76/100  train-R2=0.9914
    ep 100/100  train-R2=0.9919
  -> xgb_test=0.9913  mlp_test=0.9916  stacked_test=0.9922
  G0=0.1  split=box_1     n_train=21,952  n_test=2,075,200
C:\Users\danib\Documents\AI-final-project\model_helpers.py:345: UserWarning: Detected call of `lr_scheduler.step()` before `optimizer.step()`. In PyTorch 1.1.0 and later, you should call them in the opposite order: `optimizer.step()` before `lr_scheduler.step()`.  Failure to do this will result in PyTorch skipping the first value of the learning rate schedule. See more details at https://pytorch.org/docs/stable/optim.html#how-to-adjust-learning-rate
  sched.step()
    ep   1/100  train-R2=-0.5188
    ep  26/100  train-R2=0.9523
    ep  51/100  train-R2=0.9842
    ep  76/100  train-R2=0.9875
    ep 100/100  train-R2=0.9909
  -> xgb_test=0.8162  mlp_test=0.6739  stacked_test=0.8172
  G0=0.1  split=box_5     n_train=103,823  n_test=1,993,329
C:\Users\danib\Documents\AI-final-project\model_helpers.py:345: UserWarning: Detected call of `lr_scheduler.step()` before `optimizer.step()`. In PyTorch 1.1.0 and later, you should call them in the opposite order: `optimizer.step()` before `lr_scheduler.step()`.  Failure to do this will result in PyTorch skipping the first value of the learning rate schedule. See more details at https://pytorch.org/docs/stable/optim.html#how-to-adjust-learning-rate
  sched.step()
    ep   1/100  train-R2=-0.8584
    ep  26/100  train-R2=0.8237
    ep  51/100  train-R2=0.9323
    ep  76/100  train-R2=0.9586
    ep 100/100  train-R2=0.9667
  -> xgb_test=0.8386  mlp_test=0.7650  stacked_test=0.8354
  G0=0.1  split=box_10    n_train=205,379  n_test=1,891,773
C:\Users\danib\Documents\AI-final-project\model_helpers.py:345: UserWarning: Detected call of `lr_scheduler.step()` before `optimizer.step()`. In PyTorch 1.1.0 and later, you should call them in the opposite order: `optimizer.step()` before `lr_scheduler.step()`.  Failure to do this will result in PyTorch skipping the first value of the learning rate schedule. See more details at https://pytorch.org/docs/stable/optim.html#how-to-adjust-learning-rate
  sched.step()
    ep   1/100  train-R2=-0.8040
    ep  26/100  train-R2=0.8399
    ep  51/100  train-R2=0.9378
    ep  76/100  train-R2=0.9623
    ep 100/100  train-R2=0.9695
  -> xgb_test=0.9398  mlp_test=0.5905  stacked_test=0.9387
  G0=0.1  split=box_25    n_train=531,441  n_test=1,565,711
C:\Users\danib\Documents\AI-final-project\model_helpers.py:345: UserWarning: Detected call of `lr_scheduler.step()` before `optimizer.step()`. In PyTorch 1.1.0 and later, you should call them in the opposite order: `optimizer.step()` before `lr_scheduler.step()`.  Failure to do this will result in PyTorch skipping the first value of the learning rate schedule. See more details at https://pytorch.org/docs/stable/optim.html#how-to-adjust-learning-rate
  sched.step()
    ep   1/100  train-R2=-1.1045
    ep  26/100  train-R2=0.9701
    ep  51/100  train-R2=0.9879
    ep  76/100  train-R2=0.9904
    ep 100/100  train-R2=0.9911
  -> xgb_test=0.9335  mlp_test=0.3236  stacked_test=0.9325
  G0=0.1  split=box_50    n_train=1,061,208  n_test=1,035,944
    ep   1/100  train-R2=-0.8925
    ep  26/100  train-R2=0.9861
    ep  51/100  train-R2=0.9903
    ep  76/100  train-R2=0.9917
    ep 100/100  train-R2=0.9921
  -> xgb_test=0.9357  mlp_test=0.6433  stacked_test=0.9404

============================================================
Cube G0=0.2  (2,097,152 cells)
============================================================
  G0=0.2  split=x_half    n_train=1,032,192  n_test=1,064,960
C:\Users\danib\Documents\AI-final-project\model_helpers.py:345: UserWarning: Detected call of `lr_scheduler.step()` before `optimizer.step()`. In PyTorch 1.1.0 and later, you should call them in the opposite order: `optimizer.step()` before `lr_scheduler.step()`.  Failure to do this will result in PyTorch skipping the first value of the learning rate schedule. See more details at https://pytorch.org/docs/stable/optim.html#how-to-adjust-learning-rate
  sched.step()
    ep   1/100  train-R2=-2.3590
    ep  26/100  train-R2=0.9785
    ep  51/100  train-R2=0.9916
    ep  76/100  train-R2=0.9927
    ep 100/100  train-R2=0.9931
  -> xgb_test=0.9547  mlp_test=-2.7748  stacked_test=0.8698
  G0=0.2  split=y_half    n_train=1,032,192  n_test=1,064,960
    ep   1/100  train-R2=-1.6072
    ep  26/100  train-R2=0.9826
    ep  51/100  train-R2=0.9917
    ep  76/100  train-R2=0.9928
    ep 100/100  train-R2=0.9932
  -> xgb_test=0.9437  mlp_test=-2.0076  stacked_test=0.9200
  G0=0.2  split=z_half    n_train=1,032,192  n_test=1,064,960
C:\Users\danib\Documents\AI-final-project\model_helpers.py:345: UserWarning: Detected call of `lr_scheduler.step()` before `optimizer.step()`. In PyTorch 1.1.0 and later, you should call them in the opposite order: `optimizer.step()` before `lr_scheduler.step()`.  Failure to do this will result in PyTorch skipping the first value of the learning rate schedule. See more details at https://pytorch.org/docs/stable/optim.html#how-to-adjust-learning-rate
  sched.step()
    ep   1/100  train-R2=-1.7641
    ep  26/100  train-R2=0.9774
    ep  51/100  train-R2=0.9909
    ep  76/100  train-R2=0.9922
    ep 100/100  train-R2=0.9926
  -> xgb_test=0.9266  mlp_test=-4.3767  stacked_test=0.9378
  G0=0.2  split=rand_1    n_train=20,971  n_test=2,076,181
C:\Users\danib\Documents\AI-final-project\model_helpers.py:345: UserWarning: Detected call of `lr_scheduler.step()` before `optimizer.step()`. In PyTorch 1.1.0 and later, you should call them in the opposite order: `optimizer.step()` before `lr_scheduler.step()`.  Failure to do this will result in PyTorch skipping the first value of the learning rate schedule. See more details at https://pytorch.org/docs/stable/optim.html#how-to-adjust-learning-rate
  sched.step()
    ep   1/100  train-R2=-1.8190
    ep  26/100  train-R2=0.6772
    ep  51/100  train-R2=0.7390
    ep  76/100  train-R2=0.7492
    ep 100/100  train-R2=0.7445
  -> xgb_test=0.9284  mlp_test=0.5691  stacked_test=0.9253
  G0=0.2  split=rand_5    n_train=104,857  n_test=1,992,295
C:\Users\danib\Documents\AI-final-project\model_helpers.py:345: UserWarning: Detected call of `lr_scheduler.step()` before `optimizer.step()`. In PyTorch 1.1.0 and later, you should call them in the opposite order: `optimizer.step()` before `lr_scheduler.step()`.  Failure to do this will result in PyTorch skipping the first value of the learning rate schedule. See more details at https://pytorch.org/docs/stable/optim.html#how-to-adjust-learning-rate
  sched.step()
    ep   1/100  train-R2=-1.8400
    ep  26/100  train-R2=0.7085
    ep  51/100  train-R2=0.7350
    ep  76/100  train-R2=0.7583
    ep 100/100  train-R2=0.7529
  -> xgb_test=0.9825  mlp_test=0.7437  stacked_test=0.9819
  G0=0.2  split=rand_10   n_train=209,715  n_test=1,887,437
C:\Users\danib\Documents\AI-final-project\model_helpers.py:345: UserWarning: Detected call of `lr_scheduler.step()` before `optimizer.step()`. In PyTorch 1.1.0 and later, you should call them in the opposite order: `optimizer.step()` before `lr_scheduler.step()`.  Failure to do this will result in PyTorch skipping the first value of the learning rate schedule. See more details at https://pytorch.org/docs/stable/optim.html#how-to-adjust-learning-rate
  sched.step()
    ep   1/100  train-R2=-1.8371
    ep  26/100  train-R2=0.7025
    ep  51/100  train-R2=0.7290
    ep  76/100  train-R2=0.7618
    ep 100/100  train-R2=0.7588
  -> xgb_test=0.9882  mlp_test=0.7534  stacked_test=0.9881
  G0=0.2  split=rand_25   n_train=524,288  n_test=1,572,864
C:\Users\danib\Documents\AI-final-project\model_helpers.py:345: UserWarning: Detected call of `lr_scheduler.step()` before `optimizer.step()`. In PyTorch 1.1.0 and later, you should call them in the opposite order: `optimizer.step()` before `lr_scheduler.step()`.  Failure to do this will result in PyTorch skipping the first value of the learning rate schedule. See more details at https://pytorch.org/docs/stable/optim.html#how-to-adjust-learning-rate
  sched.step()
    ep   1/100  train-R2=-1.8312
    ep  26/100  train-R2=0.8288
    ep  51/100  train-R2=0.9591
    ep  76/100  train-R2=0.9756
    ep 100/100  train-R2=0.9782
  -> xgb_test=0.9906  mlp_test=0.9777  stacked_test=0.9906
  G0=0.2  split=rand_50   n_train=1,048,576  n_test=1,048,576
C:\Users\danib\Documents\AI-final-project\model_helpers.py:345: UserWarning: Detected call of `lr_scheduler.step()` before `optimizer.step()`. In PyTorch 1.1.0 and later, you should call them in the opposite order: `optimizer.step()` before `lr_scheduler.step()`.  Failure to do this will result in PyTorch skipping the first value of the learning rate schedule. See more details at https://pytorch.org/docs/stable/optim.html#how-to-adjust-learning-rate
  sched.step()
    ep   1/100  train-R2=-1.8385
    ep  26/100  train-R2=0.9783
    ep  51/100  train-R2=0.9897
    ep  76/100  train-R2=0.9907
    ep 100/100  train-R2=0.9909
  -> xgb_test=0.9919  mlp_test=0.9907  stacked_test=0.9920
  G0=0.2  split=rand_75   n_train=1,572,864  n_test=524,288
    ep   1/100  train-R2=-1.7657
    ep  26/100  train-R2=0.9895
    ep  51/100  train-R2=0.9909
    ep  76/100  train-R2=0.9927
    ep 100/100  train-R2=0.9931
  -> xgb_test=0.9926  mlp_test=0.9928  stacked_test=0.9933
  G0=0.2  split=box_1     n_train=21,952  n_test=2,075,200
C:\Users\danib\Documents\AI-final-project\model_helpers.py:345: UserWarning: Detected call of `lr_scheduler.step()` before `optimizer.step()`. In PyTorch 1.1.0 and later, you should call them in the opposite order: `optimizer.step()` before `lr_scheduler.step()`.  Failure to do this will result in PyTorch skipping the first value of the learning rate schedule. See more details at https://pytorch.org/docs/stable/optim.html#how-to-adjust-learning-rate
  sched.step()
    ep   1/100  train-R2=-43.2627
    ep  26/100  train-R2=-29.3184
    ep  51/100  train-R2=-21.0498
    ep  76/100  train-R2=-17.8953
    ep 100/100  train-R2=-17.1969
  -> xgb_test=0.8174  mlp_test=0.0241  stacked_test=0.8179
  G0=0.2  split=box_5     n_train=103,823  n_test=1,993,329
C:\Users\danib\Documents\AI-final-project\model_helpers.py:345: UserWarning: Detected call of `lr_scheduler.step()` before `optimizer.step()`. In PyTorch 1.1.0 and later, you should call them in the opposite order: `optimizer.step()` before `lr_scheduler.step()`.  Failure to do this will result in PyTorch skipping the first value of the learning rate schedule. See more details at https://pytorch.org/docs/stable/optim.html#how-to-adjust-learning-rate
  sched.step()
    ep   1/100  train-R2=-3.1269
    ep  26/100  train-R2=-0.4641
    ep  51/100  train-R2=0.1169
    ep  76/100  train-R2=0.2543
    ep 100/100  train-R2=0.2888
  -> xgb_test=0.9416  mlp_test=0.6160  stacked_test=0.9409
  G0=0.2  split=box_10    n_train=205,379  n_test=1,891,773
C:\Users\danib\Documents\AI-final-project\model_helpers.py:345: UserWarning: Detected call of `lr_scheduler.step()` before `optimizer.step()`. In PyTorch 1.1.0 and later, you should call them in the opposite order: `optimizer.step()` before `lr_scheduler.step()`.  Failure to do this will result in PyTorch skipping the first value of the learning rate schedule. See more details at https://pytorch.org/docs/stable/optim.html#how-to-adjust-learning-rate
  sched.step()
    ep   1/100  train-R2=-1.5551
    ep  26/100  train-R2=0.7545
    ep  51/100  train-R2=0.8315
    ep  76/100  train-R2=0.8430
    ep 100/100  train-R2=0.8459
  -> xgb_test=0.9377  mlp_test=0.6671  stacked_test=0.9375
  G0=0.2  split=box_25    n_train=531,441  n_test=1,565,711
C:\Users\danib\Documents\AI-final-project\model_helpers.py:345: UserWarning: Detected call of `lr_scheduler.step()` before `optimizer.step()`. In PyTorch 1.1.0 and later, you should call them in the opposite order: `optimizer.step()` before `lr_scheduler.step()`.  Failure to do this will result in PyTorch skipping the first value of the learning rate schedule. See more details at https://pytorch.org/docs/stable/optim.html#how-to-adjust-learning-rate
  sched.step()
    ep   1/100  train-R2=-1.8369
    ep  26/100  train-R2=0.9451
    ep  51/100  train-R2=0.9864
    ep  76/100  train-R2=0.9890
    ep 100/100  train-R2=0.9896
  -> xgb_test=0.9526  mlp_test=0.6977  stacked_test=0.9422
  G0=0.2  split=box_50    n_train=1,061,208  n_test=1,035,944
    ep   1/100  train-R2=-1.8028
    ep  26/100  train-R2=0.9874
    ep  51/100  train-R2=0.9914
    ep  76/100  train-R2=0.9927
    ep 100/100  train-R2=0.9931
  -> xgb_test=0.9493  mlp_test=0.6515  stacked_test=0.9622

============================================================
Cube G0=0.4  (2,097,152 cells)
============================================================
  G0=0.4  split=x_half    n_train=1,032,192  n_test=1,064,960
C:\Users\danib\Documents\AI-final-project\model_helpers.py:345: UserWarning: Detected call of `lr_scheduler.step()` before `optimizer.step()`. In PyTorch 1.1.0 and later, you should call them in the opposite order: `optimizer.step()` before `lr_scheduler.step()`.  Failure to do this will result in PyTorch skipping the first value of the learning rate schedule. See more details at https://pytorch.org/docs/stable/optim.html#how-to-adjust-learning-rate
  sched.step()
    ep   1/100  train-R2=-2.3853
    ep  26/100  train-R2=0.9789
    ep  51/100  train-R2=0.9922
    ep  76/100  train-R2=0.9940
    ep 100/100  train-R2=0.9944
  -> xgb_test=0.9189  mlp_test=-3.6291  stacked_test=0.5973
  G0=0.4  split=y_half    n_train=1,032,192  n_test=1,064,960
C:\Users\danib\Documents\AI-final-project\model_helpers.py:345: UserWarning: Detected call of `lr_scheduler.step()` before `optimizer.step()`. In PyTorch 1.1.0 and later, you should call them in the opposite order: `optimizer.step()` before `lr_scheduler.step()`.  Failure to do this will result in PyTorch skipping the first value of the learning rate schedule. See more details at https://pytorch.org/docs/stable/optim.html#how-to-adjust-learning-rate
  sched.step()
    ep   1/100  train-R2=-2.6544
    ep  26/100  train-R2=0.9649
    ep  51/100  train-R2=0.9930
    ep  76/100  train-R2=0.9940
    ep 100/100  train-R2=0.9942
  -> xgb_test=0.9100  mlp_test=-1.8585  stacked_test=0.8634
  G0=0.4  split=z_half    n_train=1,032,192  n_test=1,064,960
C:\Users\danib\Documents\AI-final-project\model_helpers.py:345: UserWarning: Detected call of `lr_scheduler.step()` before `optimizer.step()`. In PyTorch 1.1.0 and later, you should call them in the opposite order: `optimizer.step()` before `lr_scheduler.step()`.  Failure to do this will result in PyTorch skipping the first value of the learning rate schedule. See more details at https://pytorch.org/docs/stable/optim.html#how-to-adjust-learning-rate
  sched.step()
    ep   1/100  train-R2=-3.5628
    ep  26/100  train-R2=0.9238
    ep  51/100  train-R2=0.9917
    ep  76/100  train-R2=0.9932
    ep 100/100  train-R2=0.9935
  -> xgb_test=0.9559  mlp_test=-3.9444  stacked_test=0.9198
  G0=0.4  split=rand_1    n_train=20,971  n_test=2,076,181
C:\Users\danib\Documents\AI-final-project\model_helpers.py:345: UserWarning: Detected call of `lr_scheduler.step()` before `optimizer.step()`. In PyTorch 1.1.0 and later, you should call them in the opposite order: `optimizer.step()` before `lr_scheduler.step()`.  Failure to do this will result in PyTorch skipping the first value of the learning rate schedule. See more details at https://pytorch.org/docs/stable/optim.html#how-to-adjust-learning-rate
  sched.step()
    ep   1/100  train-R2=-2.8929
    ep  26/100  train-R2=-0.0001
    ep  51/100  train-R2=0.2561
    ep  76/100  train-R2=0.3622
    ep 100/100  train-R2=0.4153
  -> xgb_test=0.9119  mlp_test=0.0552  stacked_test=0.9122
  G0=0.4  split=rand_5    n_train=104,857  n_test=1,992,295
C:\Users\danib\Documents\AI-final-project\model_helpers.py:345: UserWarning: Detected call of `lr_scheduler.step()` before `optimizer.step()`. In PyTorch 1.1.0 and later, you should call them in the opposite order: `optimizer.step()` before `lr_scheduler.step()`.  Failure to do this will result in PyTorch skipping the first value of the learning rate schedule. See more details at https://pytorch.org/docs/stable/optim.html#how-to-adjust-learning-rate
  sched.step()
    ep   1/100  train-R2=-2.7878
    ep  26/100  train-R2=0.1173
    ep  51/100  train-R2=0.2921
    ep  76/100  train-R2=0.3909
    ep 100/100  train-R2=0.4225
  -> xgb_test=0.9854  mlp_test=0.4001  stacked_test=0.9852
  G0=0.4  split=rand_10   n_train=209,715  n_test=1,887,437
C:\Users\danib\Documents\AI-final-project\model_helpers.py:345: UserWarning: Detected call of `lr_scheduler.step()` before `optimizer.step()`. In PyTorch 1.1.0 and later, you should call them in the opposite order: `optimizer.step()` before `lr_scheduler.step()`.  Failure to do this will result in PyTorch skipping the first value of the learning rate schedule. See more details at https://pytorch.org/docs/stable/optim.html#how-to-adjust-learning-rate
  sched.step()
    ep   1/100  train-R2=-2.7841
    ep  26/100  train-R2=0.0841
    ep  51/100  train-R2=0.2661
    ep  76/100  train-R2=0.3804
    ep 100/100  train-R2=0.4171
  -> xgb_test=0.9893  mlp_test=0.4090  stacked_test=0.9893
  G0=0.4  split=rand_25   n_train=524,288  n_test=1,572,864
C:\Users\danib\Documents\AI-final-project\model_helpers.py:345: UserWarning: Detected call of `lr_scheduler.step()` before `optimizer.step()`. In PyTorch 1.1.0 and later, you should call them in the opposite order: `optimizer.step()` before `lr_scheduler.step()`.  Failure to do this will result in PyTorch skipping the first value of the learning rate schedule. See more details at https://pytorch.org/docs/stable/optim.html#how-to-adjust-learning-rate
  sched.step()
    ep   1/100  train-R2=-2.8027
    ep  26/100  train-R2=0.4478
    ep  51/100  train-R2=0.8983
    ep  76/100  train-R2=0.9556
    ep 100/100  train-R2=0.9618
  -> xgb_test=0.9915  mlp_test=0.9607  stacked_test=0.9915
  G0=0.4  split=rand_50   n_train=1,048,576  n_test=1,048,576
C:\Users\danib\Documents\AI-final-project\model_helpers.py:345: UserWarning: Detected call of `lr_scheduler.step()` before `optimizer.step()`. In PyTorch 1.1.0 and later, you should call them in the opposite order: `optimizer.step()` before `lr_scheduler.step()`.  Failure to do this will result in PyTorch skipping the first value of the learning rate schedule. See more details at https://pytorch.org/docs/stable/optim.html#how-to-adjust-learning-rate
  sched.step()
    ep   1/100  train-R2=-2.8080
    ep  26/100  train-R2=0.9613
    ep  51/100  train-R2=0.9909
    ep  76/100  train-R2=0.9919
    ep 100/100  train-R2=0.9921
  -> xgb_test=0.9927  mlp_test=0.9919  stacked_test=0.9929
  G0=0.4  split=rand_75   n_train=1,572,864  n_test=524,288
    ep   1/100  train-R2=-2.7449
    ep  26/100  train-R2=0.9905
    ep  51/100  train-R2=0.9929
    ep  76/100  train-R2=0.9938
    ep 100/100  train-R2=0.9940
  -> xgb_test=0.9933  mlp_test=0.9938  stacked_test=0.9941
  G0=0.4  split=box_1     n_train=21,952  n_test=2,075,200
C:\Users\danib\Documents\AI-final-project\model_helpers.py:345: UserWarning: Detected call of `lr_scheduler.step()` before `optimizer.step()`. In PyTorch 1.1.0 and later, you should call them in the opposite order: `optimizer.step()` before `lr_scheduler.step()`.  Failure to do this will result in PyTorch skipping the first value of the learning rate schedule. See more details at https://pytorch.org/docs/stable/optim.html#how-to-adjust-learning-rate
  sched.step()
    ep   1/100  train-R2=-1.0291
    ep  26/100  train-R2=0.9154
    ep  51/100  train-R2=0.9502
    ep  76/100  train-R2=0.9601
    ep 100/100  train-R2=0.9645
  -> xgb_test=0.9137  mlp_test=0.7770  stacked_test=0.9138
  G0=0.4  split=box_5     n_train=103,823  n_test=1,993,329
C:\Users\danib\Documents\AI-final-project\model_helpers.py:345: UserWarning: Detected call of `lr_scheduler.step()` before `optimizer.step()`. In PyTorch 1.1.0 and later, you should call them in the opposite order: `optimizer.step()` before `lr_scheduler.step()`.  Failure to do this will result in PyTorch skipping the first value of the learning rate schedule. See more details at https://pytorch.org/docs/stable/optim.html#how-to-adjust-learning-rate
  sched.step()
    ep   1/100  train-R2=-4.9798
    ep  26/100  train-R2=-1.7788
    ep  51/100  train-R2=-0.5271
    ep  76/100  train-R2=-0.2638
    ep 100/100  train-R2=-0.1871
  -> xgb_test=0.9284  mlp_test=0.2875  stacked_test=0.9265
  G0=0.4  split=box_10    n_train=205,379  n_test=1,891,773
C:\Users\danib\Documents\AI-final-project\model_helpers.py:345: UserWarning: Detected call of `lr_scheduler.step()` before `optimizer.step()`. In PyTorch 1.1.0 and later, you should call them in the opposite order: `optimizer.step()` before `lr_scheduler.step()`.  Failure to do this will result in PyTorch skipping the first value of the learning rate schedule. See more details at https://pytorch.org/docs/stable/optim.html#how-to-adjust-learning-rate
  sched.step()
    ep   1/100  train-R2=-1.6404
    ep  26/100  train-R2=0.6102
    ep  51/100  train-R2=0.6933
    ep  76/100  train-R2=0.7356
    ep 100/100  train-R2=0.7503
  -> xgb_test=0.9578  mlp_test=0.7223  stacked_test=0.9560
  G0=0.4  split=box_25    n_train=531,441  n_test=1,565,711
C:\Users\danib\Documents\AI-final-project\model_helpers.py:345: UserWarning: Detected call of `lr_scheduler.step()` before `optimizer.step()`. In PyTorch 1.1.0 and later, you should call them in the opposite order: `optimizer.step()` before `lr_scheduler.step()`.  Failure to do this will result in PyTorch skipping the first value of the learning rate schedule. See more details at https://pytorch.org/docs/stable/optim.html#how-to-adjust-learning-rate
  sched.step()
    ep   1/100  train-R2=-3.4020
    ep  26/100  train-R2=0.7656
    ep  51/100  train-R2=0.9855
    ep  76/100  train-R2=0.9923
    ep 100/100  train-R2=0.9932
  -> xgb_test=0.9641  mlp_test=0.9286  stacked_test=0.9639
  G0=0.4  split=box_50    n_train=1,061,208  n_test=1,035,944
    ep   1/100  train-R2=-3.1914
    ep  26/100  train-R2=0.9834
    ep  51/100  train-R2=0.9930
    ep  76/100  train-R2=0.9943
    ep 100/100  train-R2=0.9946
  -> xgb_test=0.9318  mlp_test=0.9457  stacked_test=0.9522

============================================================
Cube G0=0.8  (2,097,152 cells)
============================================================
  G0=0.8  split=x_half    n_train=1,032,192  n_test=1,064,960
C:\Users\danib\Documents\AI-final-project\model_helpers.py:345: UserWarning: Detected call of `lr_scheduler.step()` before `optimizer.step()`. In PyTorch 1.1.0 and later, you should call them in the opposite order: `optimizer.step()` before `lr_scheduler.step()`.  Failure to do this will result in PyTorch skipping the first value of the learning rate schedule. See more details at https://pytorch.org/docs/stable/optim.html#how-to-adjust-learning-rate
  sched.step()
    ep   1/100  train-R2=-6.2061
    ep  26/100  train-R2=0.7977
    ep  51/100  train-R2=0.9921
    ep  76/100  train-R2=0.9940
    ep 100/100  train-R2=0.9942
  -> xgb_test=0.9686  mlp_test=-5.9025  stacked_test=0.9504
  G0=0.8  split=y_half    n_train=1,032,192  n_test=1,064,960
C:\Users\danib\Documents\AI-final-project\model_helpers.py:345: UserWarning: Detected call of `lr_scheduler.step()` before `optimizer.step()`. In PyTorch 1.1.0 and later, you should call them in the opposite order: `optimizer.step()` before `lr_scheduler.step()`.  Failure to do this will result in PyTorch skipping the first value of the learning rate schedule. See more details at https://pytorch.org/docs/stable/optim.html#how-to-adjust-learning-rate
  sched.step()
    ep   1/100  train-R2=-4.7228
    ep  26/100  train-R2=0.8728
    ep  51/100  train-R2=0.9925
    ep  76/100  train-R2=0.9942
    ep 100/100  train-R2=0.9944
  -> xgb_test=0.9166  mlp_test=-4.9438  stacked_test=0.8805
  G0=0.8  split=z_half    n_train=1,032,192  n_test=1,064,960
C:\Users\danib\Documents\AI-final-project\model_helpers.py:345: UserWarning: Detected call of `lr_scheduler.step()` before `optimizer.step()`. In PyTorch 1.1.0 and later, you should call them in the opposite order: `optimizer.step()` before `lr_scheduler.step()`.  Failure to do this will result in PyTorch skipping the first value of the learning rate schedule. See more details at https://pytorch.org/docs/stable/optim.html#how-to-adjust-learning-rate
  sched.step()
    ep   1/100  train-R2=-6.6255
    ep  26/100  train-R2=0.7955
    ep  51/100  train-R2=0.9913
    ep  76/100  train-R2=0.9941
    ep 100/100  train-R2=0.9943
  -> xgb_test=0.9555  mlp_test=-4.8781  stacked_test=0.9433
  G0=0.8  split=rand_1    n_train=20,971  n_test=2,076,181
C:\Users\danib\Documents\AI-final-project\model_helpers.py:345: UserWarning: Detected call of `lr_scheduler.step()` before `optimizer.step()`. In PyTorch 1.1.0 and later, you should call them in the opposite order: `optimizer.step()` before `lr_scheduler.step()`.  Failure to do this will result in PyTorch skipping the first value of the learning rate schedule. See more details at https://pytorch.org/docs/stable/optim.html#how-to-adjust-learning-rate
  sched.step()
    ep   1/100  train-R2=-5.6337
    ep  26/100  train-R2=-1.9744
    ep  51/100  train-R2=-0.5806
    ep  76/100  train-R2=-0.4036
    ep 100/100  train-R2=-0.3741
  -> xgb_test=0.9227  mlp_test=-0.2030  stacked_test=0.9169
  G0=0.8  split=rand_5    n_train=104,857  n_test=1,992,295
C:\Users\danib\Documents\AI-final-project\model_helpers.py:345: UserWarning: Detected call of `lr_scheduler.step()` before `optimizer.step()`. In PyTorch 1.1.0 and later, you should call them in the opposite order: `optimizer.step()` before `lr_scheduler.step()`.  Failure to do this will result in PyTorch skipping the first value of the learning rate schedule. See more details at https://pytorch.org/docs/stable/optim.html#how-to-adjust-learning-rate
  sched.step()
    ep   1/100  train-R2=-5.7069
    ep  26/100  train-R2=-2.0349
    ep  51/100  train-R2=-0.6206
    ep  76/100  train-R2=-0.4047
    ep 100/100  train-R2=-0.4087
  -> xgb_test=0.9863  mlp_test=-0.4843  stacked_test=0.9861
  G0=0.8  split=rand_10   n_train=209,715  n_test=1,887,437
C:\Users\danib\Documents\AI-final-project\model_helpers.py:345: UserWarning: Detected call of `lr_scheduler.step()` before `optimizer.step()`. In PyTorch 1.1.0 and later, you should call them in the opposite order: `optimizer.step()` before `lr_scheduler.step()`.  Failure to do this will result in PyTorch skipping the first value of the learning rate schedule. See more details at https://pytorch.org/docs/stable/optim.html#how-to-adjust-learning-rate
  sched.step()
    ep   1/100  train-R2=-5.6913
    ep  26/100  train-R2=-2.2063
    ep  51/100  train-R2=-0.7001
    ep  76/100  train-R2=-0.4814
    ep 100/100  train-R2=-0.4526
  -> xgb_test=0.9921  mlp_test=-0.4544  stacked_test=0.9920
  G0=0.8  split=rand_25   n_train=524,288  n_test=1,572,864
C:\Users\danib\Documents\AI-final-project\model_helpers.py:345: UserWarning: Detected call of `lr_scheduler.step()` before `optimizer.step()`. In PyTorch 1.1.0 and later, you should call them in the opposite order: `optimizer.step()` before `lr_scheduler.step()`.  Failure to do this will result in PyTorch skipping the first value of the learning rate schedule. See more details at https://pytorch.org/docs/stable/optim.html#how-to-adjust-learning-rate
  sched.step()
    ep   1/100  train-R2=-5.6622
    ep  26/100  train-R2=-0.0450
    ep  51/100  train-R2=0.6742
    ep  76/100  train-R2=0.8319
    ep 100/100  train-R2=0.8548
  -> xgb_test=0.9937  mlp_test=0.8532  stacked_test=0.9936
  G0=0.8  split=rand_50   n_train=1,048,576  n_test=1,048,576
C:\Users\danib\Documents\AI-final-project\model_helpers.py:345: UserWarning: Detected call of `lr_scheduler.step()` before `optimizer.step()`. In PyTorch 1.1.0 and later, you should call them in the opposite order: `optimizer.step()` before `lr_scheduler.step()`.  Failure to do this will result in PyTorch skipping the first value of the learning rate schedule. See more details at https://pytorch.org/docs/stable/optim.html#how-to-adjust-learning-rate
  sched.step()
    ep   1/100  train-R2=-5.7052
    ep  26/100  train-R2=0.8507
    ep  51/100  train-R2=0.9905
    ep  76/100  train-R2=0.9925
    ep 100/100  train-R2=0.9927
  -> xgb_test=0.9946  mlp_test=0.9925  stacked_test=0.9946
  G0=0.8  split=rand_75   n_train=1,572,864  n_test=524,288
    ep   1/100  train-R2=-5.6299
    ep  26/100  train-R2=0.9790
    ep  51/100  train-R2=0.9939
    ep  76/100  train-R2=0.9946
    ep 100/100  train-R2=0.9947
  -> xgb_test=0.9951  mlp_test=0.9944  stacked_test=0.9953
  G0=0.8  split=box_1     n_train=21,952  n_test=2,075,200
C:\Users\danib\Documents\AI-final-project\model_helpers.py:345: UserWarning: Detected call of `lr_scheduler.step()` before `optimizer.step()`. In PyTorch 1.1.0 and later, you should call them in the opposite order: `optimizer.step()` before `lr_scheduler.step()`.  Failure to do this will result in PyTorch skipping the first value of the learning rate schedule. See more details at https://pytorch.org/docs/stable/optim.html#how-to-adjust-learning-rate
  sched.step()
    ep   1/100  train-R2=-7.0352
    ep  26/100  train-R2=-3.3088
    ep  51/100  train-R2=-1.4009
    ep  76/100  train-R2=-0.9651
    ep 100/100  train-R2=-0.8791
  -> xgb_test=0.8951  mlp_test=-0.7255  stacked_test=0.8945
  G0=0.8  split=box_5     n_train=103,823  n_test=1,993,329
C:\Users\danib\Documents\AI-final-project\model_helpers.py:345: UserWarning: Detected call of `lr_scheduler.step()` before `optimizer.step()`. In PyTorch 1.1.0 and later, you should call them in the opposite order: `optimizer.step()` before `lr_scheduler.step()`.  Failure to do this will result in PyTorch skipping the first value of the learning rate schedule. See more details at https://pytorch.org/docs/stable/optim.html#how-to-adjust-learning-rate
  sched.step()
    ep   1/100  train-R2=-4.6694
    ep  26/100  train-R2=-1.9089
    ep  51/100  train-R2=-0.6274
    ep  76/100  train-R2=-0.3155
    ep 100/100  train-R2=-0.2870
  -> xgb_test=0.9613  mlp_test=-0.5107  stacked_test=0.9609
  G0=0.8  split=box_10    n_train=205,379  n_test=1,891,773
C:\Users\danib\Documents\AI-final-project\model_helpers.py:345: UserWarning: Detected call of `lr_scheduler.step()` before `optimizer.step()`. In PyTorch 1.1.0 and later, you should call them in the opposite order: `optimizer.step()` before `lr_scheduler.step()`.  Failure to do this will result in PyTorch skipping the first value of the learning rate schedule. See more details at https://pytorch.org/docs/stable/optim.html#how-to-adjust-learning-rate
  sched.step()
    ep   1/100  train-R2=-8.0408
    ep  26/100  train-R2=-3.9080
    ep  51/100  train-R2=-1.7459
    ep  76/100  train-R2=-1.2711
    ep 100/100  train-R2=-1.2069
  -> xgb_test=0.9650  mlp_test=-0.1992  stacked_test=0.9648
  G0=0.8  split=box_25    n_train=531,441  n_test=1,565,711
C:\Users\danib\Documents\AI-final-project\model_helpers.py:345: UserWarning: Detected call of `lr_scheduler.step()` before `optimizer.step()`. In PyTorch 1.1.0 and later, you should call them in the opposite order: `optimizer.step()` before `lr_scheduler.step()`.  Failure to do this will result in PyTorch skipping the first value of the learning rate schedule. See more details at https://pytorch.org/docs/stable/optim.html#how-to-adjust-learning-rate
  sched.step()
    ep   1/100  train-R2=-6.1730
    ep  26/100  train-R2=0.4122
    ep  51/100  train-R2=0.9582
    ep  76/100  train-R2=0.9871
    ep 100/100  train-R2=0.9896
  -> xgb_test=0.9719  mlp_test=0.8154  stacked_test=0.9680
  G0=0.8  split=box_50    n_train=1,061,208  n_test=1,035,944
    ep   1/100  train-R2=-4.6183
    ep  26/100  train-R2=0.9541
    ep  51/100  train-R2=0.9917
    ep  76/100  train-R2=0.9941
    ep 100/100  train-R2=0.9947
  -> xgb_test=0.9252  mlp_test=0.7951  stacked_test=0.9209

============================================================
Cube G0=1.6  (2,097,152 cells)
============================================================
  G0=1.6  split=x_half    n_train=1,032,192  n_test=1,064,960
C:\Users\danib\Documents\AI-final-project\model_helpers.py:345: UserWarning: Detected call of `lr_scheduler.step()` before `optimizer.step()`. In PyTorch 1.1.0 and later, you should call them in the opposite order: `optimizer.step()` before `lr_scheduler.step()`.  Failure to do this will result in PyTorch skipping the first value of the learning rate schedule. See more details at https://pytorch.org/docs/stable/optim.html#how-to-adjust-learning-rate
  sched.step()
    ep   1/100  train-R2=-11.4797
    ep  26/100  train-R2=0.3969
    ep  51/100  train-R2=0.9904
    ep  76/100  train-R2=0.9948
    ep 100/100  train-R2=0.9952
  -> xgb_test=0.9583  mlp_test=-10.3904  stacked_test=0.9624
  G0=1.6  split=y_half    n_train=1,032,192  n_test=1,064,960
C:\Users\danib\Documents\AI-final-project\model_helpers.py:345: UserWarning: Detected call of `lr_scheduler.step()` before `optimizer.step()`. In PyTorch 1.1.0 and later, you should call them in the opposite order: `optimizer.step()` before `lr_scheduler.step()`.  Failure to do this will result in PyTorch skipping the first value of the learning rate schedule. See more details at https://pytorch.org/docs/stable/optim.html#how-to-adjust-learning-rate
  sched.step()
    ep   1/100  train-R2=-10.6230
    ep  26/100  train-R2=0.6541
    ep  51/100  train-R2=0.9888
    ep  76/100  train-R2=0.9937
    ep 100/100  train-R2=0.9939
  -> xgb_test=0.8978  mlp_test=-6.4082  stacked_test=0.8383
  G0=1.6  split=z_half    n_train=1,032,192  n_test=1,064,960
C:\Users\danib\Documents\AI-final-project\model_helpers.py:345: UserWarning: Detected call of `lr_scheduler.step()` before `optimizer.step()`. In PyTorch 1.1.0 and later, you should call them in the opposite order: `optimizer.step()` before `lr_scheduler.step()`.  Failure to do this will result in PyTorch skipping the first value of the learning rate schedule. See more details at https://pytorch.org/docs/stable/optim.html#how-to-adjust-learning-rate
  sched.step()
    ep   1/100  train-R2=-9.6403
    ep  26/100  train-R2=0.6082
    ep  51/100  train-R2=0.9908
    ep  76/100  train-R2=0.9941
    ep 100/100  train-R2=0.9944
  -> xgb_test=0.9033  mlp_test=-8.3357  stacked_test=0.8912
  G0=1.6  split=rand_1    n_train=20,971  n_test=2,076,181
C:\Users\danib\Documents\AI-final-project\model_helpers.py:345: UserWarning: Detected call of `lr_scheduler.step()` before `optimizer.step()`. In PyTorch 1.1.0 and later, you should call them in the opposite order: `optimizer.step()` before `lr_scheduler.step()`.  Failure to do this will result in PyTorch skipping the first value of the learning rate schedule. See more details at https://pytorch.org/docs/stable/optim.html#how-to-adjust-learning-rate
  sched.step()
    ep   1/100  train-R2=-11.6702
    ep  26/100  train-R2=-6.0788
    ep  51/100  train-R2=-2.9495
    ep  76/100  train-R2=-2.2807
    ep 100/100  train-R2=-2.2033
  -> xgb_test=0.9401  mlp_test=-1.6537  stacked_test=0.9382
  G0=1.6  split=rand_5    n_train=104,857  n_test=1,992,295
C:\Users\danib\Documents\AI-final-project\model_helpers.py:345: UserWarning: Detected call of `lr_scheduler.step()` before `optimizer.step()`. In PyTorch 1.1.0 and later, you should call them in the opposite order: `optimizer.step()` before `lr_scheduler.step()`.  Failure to do this will result in PyTorch skipping the first value of the learning rate schedule. See more details at https://pytorch.org/docs/stable/optim.html#how-to-adjust-learning-rate
  sched.step()
    ep   1/100  train-R2=-11.6041
    ep  26/100  train-R2=-6.0983
    ep  51/100  train-R2=-2.9550
    ep  76/100  train-R2=-2.2611
    ep 100/100  train-R2=-2.1908
  -> xgb_test=0.9862  mlp_test=-2.3023  stacked_test=0.9861
  G0=1.6  split=rand_10   n_train=209,715  n_test=1,887,437
C:\Users\danib\Documents\AI-final-project\model_helpers.py:345: UserWarning: Detected call of `lr_scheduler.step()` before `optimizer.step()`. In PyTorch 1.1.0 and later, you should call them in the opposite order: `optimizer.step()` before `lr_scheduler.step()`.  Failure to do this will result in PyTorch skipping the first value of the learning rate schedule. See more details at https://pytorch.org/docs/stable/optim.html#how-to-adjust-learning-rate
  sched.step()
    ep   1/100  train-R2=-11.6479
    ep  26/100  train-R2=-6.0490
    ep  51/100  train-R2=-3.0192
    ep  76/100  train-R2=-2.2769
    ep 100/100  train-R2=-2.1980
  -> xgb_test=0.9936  mlp_test=-2.2156  stacked_test=0.9936
  G0=1.6  split=rand_25   n_train=524,288  n_test=1,572,864
C:\Users\danib\Documents\AI-final-project\model_helpers.py:345: UserWarning: Detected call of `lr_scheduler.step()` before `optimizer.step()`. In PyTorch 1.1.0 and later, you should call them in the opposite order: `optimizer.step()` before `lr_scheduler.step()`.  Failure to do this will result in PyTorch skipping the first value of the learning rate schedule. See more details at https://pytorch.org/docs/stable/optim.html#how-to-adjust-learning-rate
  sched.step()
    ep   1/100  train-R2=-11.4875
    ep  26/100  train-R2=-1.8576
    ep  51/100  train-R2=0.1526
    ep  76/100  train-R2=0.5845
    ep 100/100  train-R2=0.6310
  -> xgb_test=0.9952  mlp_test=0.6259  stacked_test=0.9952
  G0=1.6  split=rand_50   n_train=1,048,576  n_test=1,048,576
C:\Users\danib\Documents\AI-final-project\model_helpers.py:345: UserWarning: Detected call of `lr_scheduler.step()` before `optimizer.step()`. In PyTorch 1.1.0 and later, you should call them in the opposite order: `optimizer.step()` before `lr_scheduler.step()`.  Failure to do this will result in PyTorch skipping the first value of the learning rate schedule. See more details at https://pytorch.org/docs/stable/optim.html#how-to-adjust-learning-rate
  sched.step()
    ep   1/100  train-R2=-11.5885
    ep  26/100  train-R2=0.6389
    ep  51/100  train-R2=0.9837
    ep  76/100  train-R2=0.9927
    ep 100/100  train-R2=0.9931
  -> xgb_test=0.9958  mlp_test=0.9928  stacked_test=0.9958
  G0=1.6  split=rand_75   n_train=1,572,864  n_test=524,288
    ep   1/100  train-R2=-11.5540
    ep  26/100  train-R2=0.9655
    ep  51/100  train-R2=0.9939
    ep  76/100  train-R2=0.9946
    ep 100/100  train-R2=0.9947
  -> xgb_test=0.9962  mlp_test=0.9947  stacked_test=0.9963
  G0=1.6  split=box_1     n_train=21,952  n_test=2,075,200
C:\Users\danib\Documents\AI-final-project\model_helpers.py:345: UserWarning: Detected call of `lr_scheduler.step()` before `optimizer.step()`. In PyTorch 1.1.0 and later, you should call them in the opposite order: `optimizer.step()` before `lr_scheduler.step()`.  Failure to do this will result in PyTorch skipping the first value of the learning rate schedule. See more details at https://pytorch.org/docs/stable/optim.html#how-to-adjust-learning-rate
  sched.step()
    ep   1/100  train-R2=-23.8709
    ep  26/100  train-R2=-14.3824
    ep  51/100  train-R2=-7.9959
    ep  76/100  train-R2=-6.1099
    ep 100/100  train-R2=-5.6911
  -> xgb_test=0.9293  mlp_test=-2.0079  stacked_test=0.9293
  G0=1.6  split=box_5     n_train=103,823  n_test=1,993,329
C:\Users\danib\Documents\AI-final-project\model_helpers.py:345: UserWarning: Detected call of `lr_scheduler.step()` before `optimizer.step()`. In PyTorch 1.1.0 and later, you should call them in the opposite order: `optimizer.step()` before `lr_scheduler.step()`.  Failure to do this will result in PyTorch skipping the first value of the learning rate schedule. See more details at https://pytorch.org/docs/stable/optim.html#how-to-adjust-learning-rate
  sched.step()
    ep   1/100  train-R2=-24.7877
    ep  26/100  train-R2=-14.3386
    ep  51/100  train-R2=-8.6432
    ep  76/100  train-R2=-6.6216
    ep 100/100  train-R2=-6.2130
  -> xgb_test=0.9768  mlp_test=-1.3813  stacked_test=0.9769
  G0=1.6  split=box_10    n_train=205,379  n_test=1,891,773
C:\Users\danib\Documents\AI-final-project\model_helpers.py:345: UserWarning: Detected call of `lr_scheduler.step()` before `optimizer.step()`. In PyTorch 1.1.0 and later, you should call them in the opposite order: `optimizer.step()` before `lr_scheduler.step()`.  Failure to do this will result in PyTorch skipping the first value of the learning rate schedule. See more details at https://pytorch.org/docs/stable/optim.html#how-to-adjust-learning-rate
  sched.step()
    ep   1/100  train-R2=-19.7028
    ep  26/100  train-R2=-11.3396
    ep  51/100  train-R2=-6.3771
    ep  76/100  train-R2=-4.9254
    ep 100/100  train-R2=-4.6056
  -> xgb_test=0.9777  mlp_test=-1.7631  stacked_test=0.9777
  G0=1.6  split=box_25    n_train=531,441  n_test=1,565,711
C:\Users\danib\Documents\AI-final-project\model_helpers.py:345: UserWarning: Detected call of `lr_scheduler.step()` before `optimizer.step()`. In PyTorch 1.1.0 and later, you should call them in the opposite order: `optimizer.step()` before `lr_scheduler.step()`.  Failure to do this will result in PyTorch skipping the first value of the learning rate schedule. See more details at https://pytorch.org/docs/stable/optim.html#how-to-adjust-learning-rate
  sched.step()
    ep   1/100  train-R2=-15.5036
    ep  26/100  train-R2=-1.1053
    ep  51/100  train-R2=0.8494
    ep  76/100  train-R2=0.9754
    ep 100/100  train-R2=0.9809
  -> xgb_test=0.9629  mlp_test=0.8579  stacked_test=0.9614
  G0=1.6  split=box_50    n_train=1,061,208  n_test=1,035,944
    ep   1/100  train-R2=-12.7479
    ep  26/100  train-R2=0.9162
    ep  51/100  train-R2=0.9891
    ep  76/100  train-R2=0.9940
    ep 100/100  train-R2=0.9944
  -> xgb_test=0.9879  mlp_test=0.8448  stacked_test=0.9878

============================================================
Cube G0=3.2  (2,097,152 cells)
============================================================
  G0=3.2  split=x_half    n_train=1,032,192  n_test=1,064,960
C:\Users\danib\Documents\AI-final-project\model_helpers.py:345: UserWarning: Detected call of `lr_scheduler.step()` before `optimizer.step()`. In PyTorch 1.1.0 and later, you should call them in the opposite order: `optimizer.step()` before `lr_scheduler.step()`.  Failure to do this will result in PyTorch skipping the first value of the learning rate schedule. See more details at https://pytorch.org/docs/stable/optim.html#how-to-adjust-learning-rate
  sched.step()
    ep   1/100  train-R2=-24.4409
    ep  26/100  train-R2=-0.0762
    ep  51/100  train-R2=0.9865
    ep  76/100  train-R2=0.9944
    ep 100/100  train-R2=0.9949
  -> xgb_test=0.8847  mlp_test=-19.1678  stacked_test=0.8881
  G0=3.2  split=y_half    n_train=1,032,192  n_test=1,064,960
C:\Users\danib\Documents\AI-final-project\model_helpers.py:345: UserWarning: Detected call of `lr_scheduler.step()` before `optimizer.step()`. In PyTorch 1.1.0 and later, you should call them in the opposite order: `optimizer.step()` before `lr_scheduler.step()`.  Failure to do this will result in PyTorch skipping the first value of the learning rate schedule. See more details at https://pytorch.org/docs/stable/optim.html#how-to-adjust-learning-rate
  sched.step()
    ep   1/100  train-R2=-30.1338
    ep  26/100  train-R2=-0.3515
    ep  51/100  train-R2=0.9852
    ep  76/100  train-R2=0.9938
    ep 100/100  train-R2=0.9942
  -> xgb_test=0.9492  mlp_test=-9.1761  stacked_test=0.9736
  G0=3.2  split=z_half    n_train=1,032,192  n_test=1,064,960
C:\Users\danib\Documents\AI-final-project\model_helpers.py:345: UserWarning: Detected call of `lr_scheduler.step()` before `optimizer.step()`. In PyTorch 1.1.0 and later, you should call them in the opposite order: `optimizer.step()` before `lr_scheduler.step()`.  Failure to do this will result in PyTorch skipping the first value of the learning rate schedule. See more details at https://pytorch.org/docs/stable/optim.html#how-to-adjust-learning-rate
  sched.step()
    ep   1/100  train-R2=-22.0535
    ep  26/100  train-R2=0.1452
    ep  51/100  train-R2=0.9844
    ep  76/100  train-R2=0.9936
    ep 100/100  train-R2=0.9941
  -> xgb_test=0.9445  mlp_test=-10.8097  stacked_test=0.9303
  G0=3.2  split=rand_1    n_train=20,971  n_test=2,076,181
C:\Users\danib\Documents\AI-final-project\model_helpers.py:345: UserWarning: Detected call of `lr_scheduler.step()` before `optimizer.step()`. In PyTorch 1.1.0 and later, you should call them in the opposite order: `optimizer.step()` before `lr_scheduler.step()`.  Failure to do this will result in PyTorch skipping the first value of the learning rate schedule. See more details at https://pytorch.org/docs/stable/optim.html#how-to-adjust-learning-rate
  sched.step()
    ep   1/100  train-R2=-23.0683
    ep  26/100  train-R2=-12.9760
    ep  51/100  train-R2=-6.9661
    ep  76/100  train-R2=-5.5402
    ep 100/100  train-R2=-5.4368
  -> xgb_test=0.8674  mlp_test=-3.0705  stacked_test=0.8638
  G0=3.2  split=rand_5    n_train=104,857  n_test=1,992,295
C:\Users\danib\Documents\AI-final-project\model_helpers.py:345: UserWarning: Detected call of `lr_scheduler.step()` before `optimizer.step()`. In PyTorch 1.1.0 and later, you should call them in the opposite order: `optimizer.step()` before `lr_scheduler.step()`.  Failure to do this will result in PyTorch skipping the first value of the learning rate schedule. See more details at https://pytorch.org/docs/stable/optim.html#how-to-adjust-learning-rate
  sched.step()
    ep   1/100  train-R2=-22.1850
    ep  26/100  train-R2=-13.0760
    ep  51/100  train-R2=-6.6164
    ep  76/100  train-R2=-5.4100
    ep 100/100  train-R2=-5.4239
  -> xgb_test=0.9737  mlp_test=-5.7976  stacked_test=0.9736
  G0=3.2  split=rand_10   n_train=209,715  n_test=1,887,437
C:\Users\danib\Documents\AI-final-project\model_helpers.py:345: UserWarning: Detected call of `lr_scheduler.step()` before `optimizer.step()`. In PyTorch 1.1.0 and later, you should call them in the opposite order: `optimizer.step()` before `lr_scheduler.step()`.  Failure to do this will result in PyTorch skipping the first value of the learning rate schedule. See more details at https://pytorch.org/docs/stable/optim.html#how-to-adjust-learning-rate
  sched.step()
    ep   1/100  train-R2=-22.4850
    ep  26/100  train-R2=-12.7946
    ep  51/100  train-R2=-6.3975
    ep  76/100  train-R2=-5.2921
    ep 100/100  train-R2=-5.2410
  -> xgb_test=0.9934  mlp_test=-5.3989  stacked_test=0.9934
  G0=3.2  split=rand_25   n_train=524,288  n_test=1,572,864
C:\Users\danib\Documents\AI-final-project\model_helpers.py:345: UserWarning: Detected call of `lr_scheduler.step()` before `optimizer.step()`. In PyTorch 1.1.0 and later, you should call them in the opposite order: `optimizer.step()` before `lr_scheduler.step()`.  Failure to do this will result in PyTorch skipping the first value of the learning rate schedule. See more details at https://pytorch.org/docs/stable/optim.html#how-to-adjust-learning-rate
  sched.step()
    ep   1/100  train-R2=-22.7795
    ep  26/100  train-R2=-4.8583
    ep  51/100  train-R2=-1.0423
    ep  76/100  train-R2=0.0320
    ep 100/100  train-R2=0.1503
  -> xgb_test=0.9964  mlp_test=0.1447  stacked_test=0.9964
  G0=3.2  split=rand_50   n_train=1,048,576  n_test=1,048,576
C:\Users\danib\Documents\AI-final-project\model_helpers.py:345: UserWarning: Detected call of `lr_scheduler.step()` before `optimizer.step()`. In PyTorch 1.1.0 and later, you should call them in the opposite order: `optimizer.step()` before `lr_scheduler.step()`.  Failure to do this will result in PyTorch skipping the first value of the learning rate schedule. See more details at https://pytorch.org/docs/stable/optim.html#how-to-adjust-learning-rate
  sched.step()
    ep   1/100  train-R2=-22.8821
    ep  26/100  train-R2=0.1230
    ep  51/100  train-R2=0.9840
    ep  76/100  train-R2=0.9925
    ep 100/100  train-R2=0.9929
  -> xgb_test=0.9969  mlp_test=0.9926  stacked_test=0.9969
  G0=3.2  split=rand_75   n_train=1,572,864  n_test=524,288
    ep   1/100  train-R2=-22.6949
    ep  26/100  train-R2=0.9665
    ep  51/100  train-R2=0.9938
    ep  76/100  train-R2=0.9950
    ep 100/100  train-R2=0.9952
  -> xgb_test=0.9973  mlp_test=0.9950  stacked_test=0.9974
  G0=3.2  split=box_1     n_train=21,952  n_test=2,075,200
C:\Users\danib\Documents\AI-final-project\model_helpers.py:345: UserWarning: Detected call of `lr_scheduler.step()` before `optimizer.step()`. In PyTorch 1.1.0 and later, you should call them in the opposite order: `optimizer.step()` before `lr_scheduler.step()`.  Failure to do this will result in PyTorch skipping the first value of the learning rate schedule. See more details at https://pytorch.org/docs/stable/optim.html#how-to-adjust-learning-rate
  sched.step()
    ep   1/100  train-R2=-43.4281
    ep  26/100  train-R2=-26.7998
    ep  51/100  train-R2=-15.6536
    ep  76/100  train-R2=-12.0024
    ep 100/100  train-R2=-11.4373
  -> xgb_test=0.9455  mlp_test=-7.2404  stacked_test=0.9455
  G0=3.2  split=box_5     n_train=103,823  n_test=1,993,329
C:\Users\danib\Documents\AI-final-project\model_helpers.py:345: UserWarning: Detected call of `lr_scheduler.step()` before `optimizer.step()`. In PyTorch 1.1.0 and later, you should call them in the opposite order: `optimizer.step()` before `lr_scheduler.step()`.  Failure to do this will result in PyTorch skipping the first value of the learning rate schedule. See more details at https://pytorch.org/docs/stable/optim.html#how-to-adjust-learning-rate
  sched.step()
    ep   1/100  train-R2=-14.1841
    ep  26/100  train-R2=-8.0345
    ep  51/100  train-R2=-3.9814
    ep  76/100  train-R2=-2.9612
    ep 100/100  train-R2=-2.7298
  -> xgb_test=0.8995  mlp_test=-2.4172  stacked_test=0.8997
  G0=3.2  split=box_10    n_train=205,379  n_test=1,891,773
C:\Users\danib\Documents\AI-final-project\model_helpers.py:345: UserWarning: Detected call of `lr_scheduler.step()` before `optimizer.step()`. In PyTorch 1.1.0 and later, you should call them in the opposite order: `optimizer.step()` before `lr_scheduler.step()`.  Failure to do this will result in PyTorch skipping the first value of the learning rate schedule. See more details at https://pytorch.org/docs/stable/optim.html#how-to-adjust-learning-rate
  sched.step()
    ep   1/100  train-R2=-20.0743
    ep  26/100  train-R2=-11.3598
    ep  51/100  train-R2=-6.1030
    ep  76/100  train-R2=-4.6819
    ep 100/100  train-R2=-4.4042
  -> xgb_test=0.9849  mlp_test=-2.4686  stacked_test=0.9850
  G0=3.2  split=box_25    n_train=531,441  n_test=1,565,711
C:\Users\danib\Documents\AI-final-project\model_helpers.py:345: UserWarning: Detected call of `lr_scheduler.step()` before `optimizer.step()`. In PyTorch 1.1.0 and later, you should call them in the opposite order: `optimizer.step()` before `lr_scheduler.step()`.  Failure to do this will result in PyTorch skipping the first value of the learning rate schedule. See more details at https://pytorch.org/docs/stable/optim.html#how-to-adjust-learning-rate
  sched.step()
    ep   1/100  train-R2=-14.9404
    ep  26/100  train-R2=-0.8056
    ep  51/100  train-R2=0.8605
    ep  76/100  train-R2=0.9747
    ep 100/100  train-R2=0.9831
  -> xgb_test=0.9716  mlp_test=0.5184  stacked_test=0.9716
  G0=3.2  split=box_50    n_train=1,061,208  n_test=1,035,944
    ep   1/100  train-R2=-19.1432
    ep  26/100  train-R2=0.8444
    ep  51/100  train-R2=0.9915
    ep  76/100  train-R2=0.9954
    ep 100/100  train-R2=0.9956
  -> xgb_test=0.9533  mlp_test=0.4417  stacked_test=0.9591

============================================================
Cube G0=6.4  (2,097,152 cells)
============================================================
  G0=6.4  split=x_half    n_train=1,032,192  n_test=1,064,960
C:\Users\danib\Documents\AI-final-project\model_helpers.py:345: UserWarning: Detected call of `lr_scheduler.step()` before `optimizer.step()`. In PyTorch 1.1.0 and later, you should call them in the opposite order: `optimizer.step()` before `lr_scheduler.step()`.  Failure to do this will result in PyTorch skipping the first value of the learning rate schedule. See more details at https://pytorch.org/docs/stable/optim.html#how-to-adjust-learning-rate
  sched.step()
    ep   1/100  train-R2=-69.5820
    ep  26/100  train-R2=-5.5572
    ep  51/100  train-R2=0.8315
    ep  76/100  train-R2=0.9721
    ep 100/100  train-R2=0.9792
  -> xgb_test=0.7591  mlp_test=-32.0422  stacked_test=0.8552
  G0=6.4  split=y_half    n_train=1,032,192  n_test=1,064,960
C:\Users\danib\Documents\AI-final-project\model_helpers.py:345: UserWarning: Detected call of `lr_scheduler.step()` before `optimizer.step()`. In PyTorch 1.1.0 and later, you should call them in the opposite order: `optimizer.step()` before `lr_scheduler.step()`.  Failure to do this will result in PyTorch skipping the first value of the learning rate schedule. See more details at https://pytorch.org/docs/stable/optim.html#how-to-adjust-learning-rate
  sched.step()
    ep   1/100  train-R2=-82.7369
    ep  26/100  train-R2=-7.3943
    ep  51/100  train-R2=0.8221
    ep  76/100  train-R2=0.9723
    ep 100/100  train-R2=0.9779
  -> xgb_test=0.9815  mlp_test=-9.9618  stacked_test=0.9791
  G0=6.4  split=z_half    n_train=1,032,192  n_test=1,064,960
C:\Users\danib\Documents\AI-final-project\model_helpers.py:345: UserWarning: Detected call of `lr_scheduler.step()` before `optimizer.step()`. In PyTorch 1.1.0 and later, you should call them in the opposite order: `optimizer.step()` before `lr_scheduler.step()`.  Failure to do this will result in PyTorch skipping the first value of the learning rate schedule. See more details at https://pytorch.org/docs/stable/optim.html#how-to-adjust-learning-rate
  sched.step()
    ep   1/100  train-R2=-55.0549
    ep  26/100  train-R2=-3.9005
    ep  51/100  train-R2=0.9103
    ep  76/100  train-R2=0.9850
    ep 100/100  train-R2=0.9877
  -> xgb_test=0.5842  mlp_test=-34.0713  stacked_test=0.9269
  G0=6.4  split=rand_1    n_train=20,971  n_test=2,076,181
C:\Users\danib\Documents\AI-final-project\model_helpers.py:345: UserWarning: Detected call of `lr_scheduler.step()` before `optimizer.step()`. In PyTorch 1.1.0 and later, you should call them in the opposite order: `optimizer.step()` before `lr_scheduler.step()`.  Failure to do this will result in PyTorch skipping the first value of the learning rate schedule. See more details at https://pytorch.org/docs/stable/optim.html#how-to-adjust-learning-rate
  sched.step()
    ep   1/100  train-R2=-57.7781
    ep  26/100  train-R2=-39.7947
    ep  51/100  train-R2=-26.3057
    ep  76/100  train-R2=-21.5241
    ep 100/100  train-R2=-20.5591
  -> xgb_test=0.7919  mlp_test=-19.8022  stacked_test=0.7919
  G0=6.4  split=rand_5    n_train=104,857  n_test=1,992,295
C:\Users\danib\Documents\AI-final-project\model_helpers.py:345: UserWarning: Detected call of `lr_scheduler.step()` before `optimizer.step()`. In PyTorch 1.1.0 and later, you should call them in the opposite order: `optimizer.step()` before `lr_scheduler.step()`.  Failure to do this will result in PyTorch skipping the first value of the learning rate schedule. See more details at https://pytorch.org/docs/stable/optim.html#how-to-adjust-learning-rate
  sched.step()
    ep   1/100  train-R2=-62.9495
    ep  26/100  train-R2=-44.2063
    ep  51/100  train-R2=-28.4231
    ep  76/100  train-R2=-22.6645
    ep 100/100  train-R2=-21.7409
  -> xgb_test=0.9873  mlp_test=-22.5461  stacked_test=0.9873
  G0=6.4  split=rand_10   n_train=209,715  n_test=1,887,437
C:\Users\danib\Documents\AI-final-project\model_helpers.py:345: UserWarning: Detected call of `lr_scheduler.step()` before `optimizer.step()`. In PyTorch 1.1.0 and later, you should call them in the opposite order: `optimizer.step()` before `lr_scheduler.step()`.  Failure to do this will result in PyTorch skipping the first value of the learning rate schedule. See more details at https://pytorch.org/docs/stable/optim.html#how-to-adjust-learning-rate
  sched.step()
    ep   1/100  train-R2=-64.4456
    ep  26/100  train-R2=-44.6978
    ep  51/100  train-R2=-28.4773
    ep  76/100  train-R2=-22.8077
    ep 100/100  train-R2=-21.8629
  -> xgb_test=0.9951  mlp_test=-21.6004  stacked_test=0.9951
  G0=6.4  split=rand_25   n_train=524,288  n_test=1,572,864
C:\Users\danib\Documents\AI-final-project\model_helpers.py:345: UserWarning: Detected call of `lr_scheduler.step()` before `optimizer.step()`. In PyTorch 1.1.0 and later, you should call them in the opposite order: `optimizer.step()` before `lr_scheduler.step()`.  Failure to do this will result in PyTorch skipping the first value of the learning rate schedule. See more details at https://pytorch.org/docs/stable/optim.html#how-to-adjust-learning-rate
  sched.step()
    ep   1/100  train-R2=-62.5715
    ep  26/100  train-R2=-24.0067
    ep  51/100  train-R2=-8.4399
    ep  76/100  train-R2=-4.5944
    ep 100/100  train-R2=-3.9803
  -> xgb_test=0.9982  mlp_test=-4.0405  stacked_test=0.9982
  G0=6.4  split=rand_50   n_train=1,048,576  n_test=1,048,576
C:\Users\danib\Documents\AI-final-project\model_helpers.py:345: UserWarning: Detected call of `lr_scheduler.step()` before `optimizer.step()`. In PyTorch 1.1.0 and later, you should call them in the opposite order: `optimizer.step()` before `lr_scheduler.step()`.  Failure to do this will result in PyTorch skipping the first value of the learning rate schedule. See more details at https://pytorch.org/docs/stable/optim.html#how-to-adjust-learning-rate
  sched.step()
    ep   1/100  train-R2=-62.7783
    ep  26/100  train-R2=-4.9364
    ep  51/100  train-R2=0.8450
    ep  76/100  train-R2=0.9736
    ep 100/100  train-R2=0.9784
  -> xgb_test=0.9984  mlp_test=0.9777  stacked_test=0.9984
  G0=6.4  split=rand_75   n_train=1,572,864  n_test=524,288
    ep   1/100  train-R2=-63.0205
    ep  26/100  train-R2=0.5578
    ep  51/100  train-R2=0.9908
    ep  76/100  train-R2=0.9935
    ep 100/100  train-R2=0.9937
  -> xgb_test=0.9986  mlp_test=0.9935  stacked_test=0.9986
  G0=6.4  split=box_1     n_train=21,952  n_test=2,075,200
C:\Users\danib\Documents\AI-final-project\model_helpers.py:345: UserWarning: Detected call of `lr_scheduler.step()` before `optimizer.step()`. In PyTorch 1.1.0 and later, you should call them in the opposite order: `optimizer.step()` before `lr_scheduler.step()`.  Failure to do this will result in PyTorch skipping the first value of the learning rate schedule. See more details at https://pytorch.org/docs/stable/optim.html#how-to-adjust-learning-rate
  sched.step()
    ep   1/100  train-R2=-751.6319
    ep  26/100  train-R2=-481.6330
    ep  51/100  train-R2=-282.6347
    ep  76/100  train-R2=-220.8826
    ep 100/100  train-R2=-208.4141
  -> xgb_test=0.5312  mlp_test=-10.5361  stacked_test=0.5312
  G0=6.4  split=box_5     n_train=103,823  n_test=1,993,329
C:\Users\danib\Documents\AI-final-project\model_helpers.py:345: UserWarning: Detected call of `lr_scheduler.step()` before `optimizer.step()`. In PyTorch 1.1.0 and later, you should call them in the opposite order: `optimizer.step()` before `lr_scheduler.step()`.  Failure to do this will result in PyTorch skipping the first value of the learning rate schedule. See more details at https://pytorch.org/docs/stable/optim.html#how-to-adjust-learning-rate
  sched.step()
    ep   1/100  train-R2=-243.4761
    ep  26/100  train-R2=-160.7972
    ep  51/100  train-R2=-96.0971
    ep  76/100  train-R2=-73.7421
    ep 100/100  train-R2=-67.9754
  -> xgb_test=0.6278  mlp_test=-12.2378  stacked_test=0.6276
  G0=6.4  split=box_10    n_train=205,379  n_test=1,891,773
C:\Users\danib\Documents\AI-final-project\model_helpers.py:345: UserWarning: Detected call of `lr_scheduler.step()` before `optimizer.step()`. In PyTorch 1.1.0 and later, you should call them in the opposite order: `optimizer.step()` before `lr_scheduler.step()`.  Failure to do this will result in PyTorch skipping the first value of the learning rate schedule. See more details at https://pytorch.org/docs/stable/optim.html#how-to-adjust-learning-rate
  sched.step()
    ep   1/100  train-R2=-169.6158
    ep  26/100  train-R2=-115.6546
    ep  51/100  train-R2=-70.4814
    ep  76/100  train-R2=-55.7127
    ep 100/100  train-R2=-52.2621
  -> xgb_test=0.8886  mlp_test=-7.1543  stacked_test=0.8886
  G0=6.4  split=box_25    n_train=531,441  n_test=1,565,711
C:\Users\danib\Documents\AI-final-project\model_helpers.py:345: UserWarning: Detected call of `lr_scheduler.step()` before `optimizer.step()`. In PyTorch 1.1.0 and later, you should call them in the opposite order: `optimizer.step()` before `lr_scheduler.step()`.  Failure to do this will result in PyTorch skipping the first value of the learning rate schedule. See more details at https://pytorch.org/docs/stable/optim.html#how-to-adjust-learning-rate
  sched.step()
    ep   1/100  train-R2=-132.7333
    ep  26/100  train-R2=-27.9894
    ep  51/100  train-R2=-3.0352
    ep  76/100  train-R2=-0.1224
    ep 100/100  train-R2=0.1142
  -> xgb_test=0.9848  mlp_test=0.0138  stacked_test=0.9848
  G0=6.4  split=box_50    n_train=1,061,208  n_test=1,035,944
C:\Users\danib\Documents\AI-final-project\model_helpers.py:345: UserWarning: Detected call of `lr_scheduler.step()` before `optimizer.step()`. In PyTorch 1.1.0 and later, you should call them in the opposite order: `optimizer.step()` before `lr_scheduler.step()`.  Failure to do this will result in PyTorch skipping the first value of the learning rate schedule. See more details at https://pytorch.org/docs/stable/optim.html#how-to-adjust-learning-rate
  sched.step()
    ep   1/100  train-R2=-85.2637
    ep  26/100  train-R2=-1.4959
    ep  51/100  train-R2=0.9794
    ep  76/100  train-R2=0.9901
    ep 100/100  train-R2=0.9904
  -> xgb_test=0.9810  mlp_test=-3.1111  stacked_test=0.9853

==================================================
   G0  split        xgb_te      mlp_te      stk_te
==================================================
  0.1  x_half         0.9108     -6.7444      0.8438
  0.1  y_half         0.9280     -6.9106      0.7409
  0.1  z_half         0.8834     -7.3646      0.4190
  0.1  rand_1         0.9406      0.8154      0.9397
  0.1  rand_5         0.9792      0.9335      0.9781
  0.1  rand_10        0.9853      0.9360      0.9850
  0.1  rand_25        0.9890      0.9832      0.9889
  0.1  rand_50        0.9904      0.9891      0.9907
  0.1  rand_75        0.9913      0.9916      0.9922
  0.1  box_1          0.8162      0.6739      0.8172
  0.1  box_5          0.8386      0.7650      0.8354
  0.1  box_10         0.9398      0.5905      0.9387
  0.1  box_25         0.9335      0.3236      0.9325
  0.1  box_50         0.9357      0.6433      0.9404

  0.2  x_half         0.9547     -2.7748      0.8698
  0.2  y_half         0.9437     -2.0076      0.9200
  0.2  z_half         0.9266     -4.3767      0.9378
  0.2  rand_1         0.9284      0.5691      0.9253
  0.2  rand_5         0.9825      0.7437      0.9819
  0.2  rand_10        0.9882      0.7534      0.9881
  0.2  rand_25        0.9906      0.9777      0.9906
  0.2  rand_50        0.9919      0.9907      0.9920
  0.2  rand_75        0.9926      0.9928      0.9933
  0.2  box_1          0.8174      0.0241      0.8179
  0.2  box_5          0.9416      0.6160      0.9409
  0.2  box_10         0.9377      0.6671      0.9375
  0.2  box_25         0.9526      0.6977      0.9422
  0.2  box_50         0.9493      0.6515      0.9622

  0.4  x_half         0.9189     -3.6291      0.5973
  0.4  y_half         0.9100     -1.8585      0.8634
  0.4  z_half         0.9559     -3.9444      0.9198
  0.4  rand_1         0.9119      0.0552      0.9122
  0.4  rand_5         0.9854      0.4001      0.9852
  0.4  rand_10        0.9893      0.4090      0.9893
  0.4  rand_25        0.9915      0.9607      0.9915
  0.4  rand_50        0.9927      0.9919      0.9929
  0.4  rand_75        0.9933      0.9938      0.9941
  0.4  box_1          0.9137      0.7770      0.9138
  0.4  box_5          0.9284      0.2875      0.9265
  0.4  box_10         0.9578      0.7223      0.9560
  0.4  box_25         0.9641      0.9286      0.9639
  0.4  box_50         0.9318      0.9457      0.9522

  0.8  x_half         0.9686     -5.9025      0.9504
  0.8  y_half         0.9166     -4.9438      0.8805
  0.8  z_half         0.9555     -4.8781      0.9433
  0.8  rand_1         0.9227     -0.2030      0.9169
  0.8  rand_5         0.9863     -0.4843      0.9861
  0.8  rand_10        0.9921     -0.4544      0.9920
  0.8  rand_25        0.9937      0.8532      0.9936
  0.8  rand_50        0.9946      0.9925      0.9946
  0.8  rand_75        0.9951      0.9944      0.9953
  0.8  box_1          0.8951     -0.7255      0.8945
  0.8  box_5          0.9613     -0.5107      0.9609
  0.8  box_10         0.9650     -0.1992      0.9648
  0.8  box_25         0.9719      0.8154      0.9680
  0.8  box_50         0.9252      0.7951      0.9209

  1.6  x_half         0.9583    -10.3904      0.9624
  1.6  y_half         0.8978     -6.4082      0.8383
  1.6  z_half         0.9033     -8.3357      0.8912
  1.6  rand_1         0.9401     -1.6537      0.9382
  1.6  rand_5         0.9862     -2.3023      0.9861
  1.6  rand_10        0.9936     -2.2156      0.9936
  1.6  rand_25        0.9952      0.6259      0.9952
  1.6  rand_50        0.9958      0.9928      0.9958
  1.6  rand_75        0.9962      0.9947      0.9963
  1.6  box_1          0.9293     -2.0079      0.9293
  1.6  box_5          0.9768     -1.3813      0.9769
  1.6  box_10         0.9777     -1.7631      0.9777
  1.6  box_25         0.9629      0.8579      0.9614
  1.6  box_50         0.9879      0.8448      0.9878

  3.2  x_half         0.8847    -19.1678      0.8881
  3.2  y_half         0.9492     -9.1761      0.9736
  3.2  z_half         0.9445    -10.8097      0.9303
  3.2  rand_1         0.8674     -3.0705      0.8638
  3.2  rand_5         0.9737     -5.7976      0.9736
  3.2  rand_10        0.9934     -5.3989      0.9934
  3.2  rand_25        0.9964      0.1447      0.9964
  3.2  rand_50        0.9969      0.9926      0.9969
  3.2  rand_75        0.9973      0.9950      0.9974
  3.2  box_1          0.9455     -7.2404      0.9455
  3.2  box_5          0.8995     -2.4172      0.8997
  3.2  box_10         0.9849     -2.4686      0.9850
  3.2  box_25         0.9716      0.5184      0.9716
  3.2  box_50         0.9533      0.4417      0.9591

  6.4  x_half         0.7591    -32.0422      0.8552
  6.4  y_half         0.9815     -9.9618      0.9791
  6.4  z_half         0.5842    -34.0713      0.9269
  6.4  rand_1         0.7919    -19.8022      0.7919
  6.4  rand_5         0.9873    -22.5461      0.9873
  6.4  rand_10        0.9951    -21.6004      0.9951
  6.4  rand_25        0.9982     -4.0405      0.9982
  6.4  rand_50        0.9984      0.9777      0.9984
  6.4  rand_75        0.9986      0.9935      0.9986
  6.4  box_1          0.5312    -10.5361      0.5312
  6.4  box_5          0.6278    -12.2378      0.6276
  6.4  box_10         0.8886     -7.1543      0.8886
  6.4  box_25         0.9848      0.0138      0.9848
  6.4  box_50         0.9810     -3.1111      0.9853


JSON log saved: logs\intra_cube_section\run_20260705_121037.json

Heatmap saved: logs\intra_cube_section\run_20260705_121037_heatmap.png
