Loading cubes...
  G0=0.1   | rows=2,097,152 | nH2=[9.58e-12, 2.33e+03] | fh2=[8.46e-25, 4.94e-01]
  G0=0.2   | rows=2,097,152 | nH2=[7.41e-13, 9.74e+03] | fh2=[2.26e-30, 4.75e-01]
  G0=0.4   | rows=2,097,152 | nH2=[3.08e-12, 2.28e+03] | fh2=[3.14e-24, 5.07e-01]
  G0=0.8   | rows=2,097,152 | nH2=[3.38e-12, 2.49e+03] | fh2=[9.28e-26, 5.07e-01]
  G0=1.6   | rows=2,097,152 | nH2=[3.83e-12, 2.26e+03] | fh2=[2.64e-24, 5.04e-01]
  G0=3.2   | rows=2,097,152 | nH2=[2.29e-12, 1.29e+04] | fh2=[1.20e-30, 5.05e-01]
  G0=6.4   | rows=2,097,152 | nH2=[4.75e-12, 9.24e+03] | fh2=[2.72e-30, 5.00e-01]

Building base feature matrix...
  Base X: (14680064, 15)   y: (14680064,)

Building spatial features (kernels=[3, 5, 7])...
  Spatial features: 45  ->  X_sp: (14680064, 60)

============================================================
Single-cube extrapolation: 7 source cube(s)  x  7 target cubes
============================================================

============================================================
Source cube: G0=0.1  (fold 1/7)
============================================================

  [XGB]  source G0=0.1  (2,097,152 training samples)
  [MLP]  source G0=0.1  100 epochs
    ep   1/100  train-R2=-0.4943
    ep  26/100  train-R2=0.9903
    ep  51/100  train-R2=0.9919
    ep  76/100  train-R2=0.9934
    ep 100/100  train-R2=0.9939
  Ridge: XGB=0.398  MLP=0.603  intercept=0.003
    tgt G0=0.1 (in-sample)   XGB=0.9933  MLP=0.9939  stacked=0.9943
    tgt G0=0.2               XGB=0.9791  MLP=0.9696  stacked=0.9761
    tgt G0=0.4               XGB=0.9581  MLP=0.9524  stacked=0.9587
    tgt G0=0.8               XGB=0.8850  MLP=0.8629  stacked=0.8807
    tgt G0=1.6               XGB=0.7441  MLP=0.7265  stacked=0.7551
    tgt G0=3.2               XGB=0.4096  MLP=0.4007  stacked=0.4628
    tgt G0=6.4               XGB=-0.9025  MLP=-0.5972  stacked=-0.5239

============================================================
Source cube: G0=0.2  (fold 2/7)
============================================================

  [XGB]  source G0=0.2  (2,097,152 training samples)
  [MLP]  source G0=0.2  100 epochs
    ep   1/100  train-R2=-1.5655
    ep  26/100  train-R2=0.9910
    ep  51/100  train-R2=0.9936
    ep  76/100  train-R2=0.9952
    ep 100/100  train-R2=0.9954
  Ridge: XGB=0.269  MLP=0.732  intercept=0.002
    tgt G0=0.1               XGB=0.9766  MLP=0.9737  stacked=0.9762
    tgt G0=0.2 (in-sample)   XGB=0.9942  MLP=0.9954  stacked=0.9956
    tgt G0=0.4               XGB=0.9831  MLP=0.9780  stacked=0.9806
    tgt G0=0.8               XGB=0.9465  MLP=0.9334  stacked=0.9391
    tgt G0=1.6               XGB=0.8132  MLP=0.7923  stacked=0.8028
    tgt G0=3.2               XGB=0.4587  MLP=0.3665  stacked=0.4038
    tgt G0=6.4               XGB=-1.0138  MLP=-1.2556  stacked=-1.1484

============================================================
Source cube: G0=0.4  (fold 3/7)
============================================================

  [XGB]  source G0=0.4  (2,097,152 training samples)
  [MLP]  source G0=0.4  100 epochs
    ep   1/100  train-R2=-2.5388
    ep  26/100  train-R2=0.9928
    ep  51/100  train-R2=0.9947
    ep  76/100  train-R2=0.9955
    ep 100/100  train-R2=0.9956
  Ridge: XGB=0.326  MLP=0.675  intercept=0.001
    tgt G0=0.1               XGB=0.9546  MLP=0.9546  stacked=0.9572
    tgt G0=0.2               XGB=0.9829  MLP=0.9809  stacked=0.9827
    tgt G0=0.4 (in-sample)   XGB=0.9949  MLP=0.9956  stacked=0.9959
    tgt G0=0.8               XGB=0.9800  MLP=0.9765  stacked=0.9790
    tgt G0=1.6               XGB=0.9033  MLP=0.8987  stacked=0.9036
    tgt G0=3.2               XGB=0.6224  MLP=0.5958  stacked=0.6147
    tgt G0=6.4               XGB=-0.6694  MLP=-0.8340  stacked=-0.7376

============================================================
Source cube: G0=0.8  (fold 4/7)
============================================================

  [XGB]  source G0=0.8  (2,097,152 training samples)
  [MLP]  source G0=0.8  100 epochs
    ep   1/100  train-R2=-5.4132
    ep  26/100  train-R2=0.9932
    ep  51/100  train-R2=0.9952
    ep  76/100  train-R2=0.9958
    ep 100/100  train-R2=0.9960
  Ridge: XGB=0.662  MLP=0.338  intercept=0.001
    tgt G0=0.1               XGB=0.8727  MLP=0.9128  stacked=0.8920
    tgt G0=0.2               XGB=0.9534  MLP=0.9593  stacked=0.9572
    tgt G0=0.4               XGB=0.9799  MLP=0.9798  stacked=0.9808
    tgt G0=0.8 (in-sample)   XGB=0.9964  MLP=0.9960  stacked=0.9966
    tgt G0=1.6               XGB=0.9722  MLP=0.9689  stacked=0.9725
    tgt G0=3.2               XGB=0.8215  MLP=0.8247  stacked=0.8272
    tgt G0=6.4               XGB=-0.0178  MLP=0.0600  stacked=0.0252

============================================================
Source cube: G0=1.6  (fold 5/7)
============================================================

  [XGB]  source G0=1.6  (2,097,152 training samples)
  [MLP]  source G0=1.6  100 epochs
    ep   1/100  train-R2=-11.1944
    ep  26/100  train-R2=0.9910
    ep  51/100  train-R2=0.9947
    ep  76/100  train-R2=0.9955
    ep 100/100  train-R2=0.9956
  Ridge: XGB=0.961  MLP=0.040  intercept=-0.000
    tgt G0=0.1               XGB=0.6634  MLP=0.8352  stacked=0.6734
    tgt G0=0.2               XGB=0.8715  MLP=0.9147  stacked=0.8740
    tgt G0=0.4               XGB=0.9392  MLP=0.9485  stacked=0.9397
    tgt G0=0.8               XGB=0.9780  MLP=0.9778  stacked=0.9779
    tgt G0=1.6 (in-sample)   XGB=0.9974  MLP=0.9956  stacked=0.9974
    tgt G0=3.2               XGB=0.9525  MLP=0.9503  stacked=0.9533
    tgt G0=6.4               XGB=0.5471  MLP=0.5351  stacked=0.5506

============================================================
Source cube: G0=3.2  (fold 6/7)
============================================================

  [XGB]  source G0=3.2  (2,097,152 training samples)
  [MLP]  source G0=3.2  100 epochs
    ep   1/100  train-R2=-22.3683
    ep  26/100  train-R2=0.9931
    ep  51/100  train-R2=0.9959
    ep  76/100  train-R2=0.9965
    ep 100/100  train-R2=0.9966
  Ridge: XGB=0.853  MLP=0.147  intercept=0.003
    tgt G0=0.1               XGB=0.5850  MLP=0.8516  stacked=0.6435
    tgt G0=0.2               XGB=0.8037  MLP=0.9094  stacked=0.8280
    tgt G0=0.4               XGB=0.8845  MLP=0.9313  stacked=0.8958
    tgt G0=0.8               XGB=0.9356  MLP=0.9442  stacked=0.9388
    tgt G0=1.6               XGB=0.9716  MLP=0.9721  stacked=0.9724
    tgt G0=3.2 (in-sample)   XGB=0.9982  MLP=0.9966  stacked=0.9982
    tgt G0=6.4               XGB=0.8838  MLP=0.8761  stacked=0.8821

============================================================
Source cube: G0=6.4  (fold 7/7)
============================================================

  [XGB]  source G0=6.4  (2,097,152 training samples)
  [MLP]  source G0=6.4  100 epochs
    ep   1/100  train-R2=-62.5938
    ep  26/100  train-R2=0.9839
    ep  51/100  train-R2=0.9950
    ep  76/100  train-R2=0.9959
    ep 100/100  train-R2=0.9960
  Ridge: XGB=0.911  MLP=0.089  intercept=0.001
    tgt G0=0.1               XGB=0.4570  MLP=0.7560  stacked=0.4977
    tgt G0=0.2               XGB=0.7027  MLP=0.8650  stacked=0.7251
    tgt G0=0.4               XGB=0.8031  MLP=0.9050  stacked=0.8184
    tgt G0=0.8               XGB=0.8653  MLP=0.9114  stacked=0.8727
    tgt G0=1.6               XGB=0.9022  MLP=0.9192  stacked=0.9058
    tgt G0=3.2               XGB=0.9516  MLP=0.9540  stacked=0.9531
    tgt G0=6.4 (in-sample)   XGB=0.9991  MLP=0.9960  stacked=0.9991


============================================================
R2 MATRICES (rows=source, cols=target; diagonal=in-sample)
============================================================

XGBoost
src\tgt     G0=0.1  G0=0.2  G0=0.4  G0=0.8  G0=1.6  G0=3.2  G0=6.4
  G0=0.1    0.9933  0.9791  0.9581  0.8850  0.7441  0.4096  -0.9025
  G0=0.2    0.9766  0.9942  0.9831  0.9465  0.8132  0.4587  -1.0138
  G0=0.4    0.9546  0.9829  0.9949  0.9800  0.9033  0.6224  -0.6694
  G0=0.8    0.8727  0.9534  0.9799  0.9964  0.9722  0.8215  -0.0178
  G0=1.6    0.6634  0.8715  0.9392  0.9780  0.9974  0.9525  0.5471
  G0=3.2    0.5850  0.8037  0.8845  0.9356  0.9716  0.9982  0.8838
  G0=6.4    0.4570  0.7027  0.8031  0.8653  0.9022  0.9516  0.9991

MLP
src\tgt     G0=0.1  G0=0.2  G0=0.4  G0=0.8  G0=1.6  G0=3.2  G0=6.4
  G0=0.1    0.9939  0.9696  0.9524  0.8629  0.7265  0.4007  -0.5972
  G0=0.2    0.9737  0.9954  0.9780  0.9334  0.7923  0.3665  -1.2556
  G0=0.4    0.9546  0.9809  0.9956  0.9765  0.8987  0.5958  -0.8340
  G0=0.8    0.9128  0.9593  0.9798  0.9960  0.9689  0.8247  0.0600
  G0=1.6    0.8352  0.9147  0.9485  0.9778  0.9956  0.9503  0.5351
  G0=3.2    0.8516  0.9094  0.9313  0.9442  0.9721  0.9966  0.8761
  G0=6.4    0.7560  0.8650  0.9050  0.9114  0.9192  0.9540  0.9960

Stacked (Ridge meta-learner)
src\tgt     G0=0.1  G0=0.2  G0=0.4  G0=0.8  G0=1.6  G0=3.2  G0=6.4
  G0=0.1    0.9943  0.9761  0.9587  0.8807  0.7551  0.4628  -0.5239
  G0=0.2    0.9762  0.9956  0.9806  0.9391  0.8028  0.4038  -1.1484
  G0=0.4    0.9572  0.9827  0.9959  0.9790  0.9036  0.6147  -0.7376
  G0=0.8    0.8920  0.9572  0.9808  0.9966  0.9725  0.8272  0.0252
  G0=1.6    0.6734  0.8740  0.9397  0.9779  0.9974  0.9533  0.5506
  G0=3.2    0.6435  0.8280  0.8958  0.9388  0.9724  0.9982  0.8821
  G0=6.4    0.4977  0.7251  0.8184  0.8727  0.9058  0.9531  0.9991


Off-diagonal (out-of-sample) summary:
  XGB           mean=0.6974  min=-1.0138  max=0.9831
  MLP           mean=0.7223  min=-1.2556  max=0.9809
  Stacked       mean=0.7076  min=-1.1484  max=0.9827

JSON log saved -> logs\single_cube_extrapolation\run_20260705_114057.json
Heatmap saved -> logs\single_cube_extrapolation\heatmap_20260705_114057.png
